Determining if the pthread_create exist failed with the following output:
Change Dir: /home/pi/Desktop/Date/build/CMakeFiles/CMakeTmp

Run Build Command:"/usr/bin/make" "cmTC_6e8fd/fast"
/usr/bin/make -f CMakeFiles/cmTC_6e8fd.dir/build.make CMakeFiles/cmTC_6e8fd.dir/build
make[1]: Entering directory '/home/pi/Desktop/Date/build/CMakeFiles/CMakeTmp'
Building C object CMakeFiles/cmTC_6e8fd.dir/CheckSymbolExists.c.o
/usr/bin/cc     -o CMakeFiles/cmTC_6e8fd.dir/CheckSymbolExists.c.o   -c /home/pi/Desktop/Date/build/CMakeFiles/CMakeTmp/CheckSymbolExists.c
Linking C executable cmTC_6e8fd
/usr/bin/cmake -E cmake_link_script CMakeFiles/cmTC_6e8fd.dir/link.txt --verbose=1
/usr/bin/cc       CMakeFiles/cmTC_6e8fd.dir/CheckSymbolExists.c.o  -o cmTC_6e8fd -rdynamic 
CMakeFiles/cmTC_6e8fd.dir/CheckSymbolExists.c.o: In function `main':
CheckSymbolExists.c:(.text+0x38): undefined reference to `pthread_create'
collect2: error: ld returned 1 exit status
CMakeFiles/cmTC_6e8fd.dir/build.make:97: recipe for target 'cmTC_6e8fd' failed
make[1]: *** [cmTC_6e8fd] Error 1
make[1]: Leaving directory '/home/pi/Desktop/Date/build/CMakeFiles/CMakeTmp'
Makefile:126: recipe for target 'cmTC_6e8fd/fast' failed
make: *** [cmTC_6e8fd/fast] Error 2

File /home/pi/Desktop/Date/build/CMakeFiles/CMakeTmp/CheckSymbolExists.c:
/* */
#include <pthread.h>

int main(int argc, char** argv)
{
  (void)argv;
#ifndef pthread_create
  return ((int*)(&pthread_create))[argc];
#else
  (void)argc;
  return 0;
#endif
}

Determining if the function pthread_create exists in the pthreads failed with the following output:
Change Dir: /home/pi/Desktop/Date/build/CMakeFiles/CMakeTmp

Run Build Command:"/usr/bin/make" "cmTC_b28e2/fast"
/usr/bin/make -f CMakeFiles/cmTC_b28e2.dir/build.make CMakeFiles/cmTC_b28e2.dir/build
make[1]: Entering directory '/home/pi/Desktop/Date/build/CMakeFiles/CMakeTmp'
Building C object CMakeFiles/cmTC_b28e2.dir/CheckFunctionExists.c.o
/usr/bin/cc    -DCHECK_FUNCTION_EXISTS=pthread_create   -o CMakeFiles/cmTC_b28e2.dir/CheckFunctionExists.c.o   -c /usr/share/cmake-3.6/Modules/CheckFunctionExists.c
Linking C executable cmTC_b28e2
/usr/bin/cmake -E cmake_link_script CMakeFiles/cmTC_b28e2.dir/link.txt --verbose=1
/usr/bin/cc   -DCHECK_FUNCTION_EXISTS=pthread_create    CMakeFiles/cmTC_b28e2.dir/CheckFunctionExists.c.o  -o cmTC_b28e2 -rdynamic -lpthreads 
/usr/bin/ld: cannot find -lpthreads
collect2: error: ld returned 1 exit status
CMakeFiles/cmTC_b28e2.dir/build.make:97: recipe for target 'cmTC_b28e2' failed
make[1]: *** [cmTC_b28e2] Error 1
make[1]: Leaving directory '/home/pi/Desktop/Date/build/CMakeFiles/CMakeTmp'
Makefile:126: recipe for target 'cmTC_b28e2/fast' failed
make: *** [cmTC_b28e2/fast] Error 2


